

Processing Rails::InfoController#properties (for 127.0.0.1 at 2010-06-18 13:33:40) [GET]
  [4;36;1mSQL (1.0ms)[0m   [0;1m SELECT name
 FROM sqlite_master
 WHERE type = 'table' AND NOT name = 'sqlite_sequence'
[0m
Completed in 156ms (View: 15, DB: 1) | 200 OK [http://localhost/rails/info/properties]


Processing ApplicationController#index (for 127.0.0.1 at 2010-06-18 13:33:51) [GET]

ActionController::RoutingError (No route matches "/home/" with {:method=>:get}):
  

Rendering rescues/layout (not_found)


Processing ApplicationController#index (for 127.0.0.1 at 2010-06-18 13:34:07) [GET]

ActionController::RoutingError (No route matches "/home" with {:method=>:get}):
  

Rendering rescues/layout (not_found)


Processing ApplicationController#index (for 127.0.0.1 at 2010-06-18 13:34:26) [GET]

ActionController::RoutingError (No route matches "/home/index.erb.html" with {:method=>:get}):
  

Rendering rescues/layout (not_found)


Processing ApplicationController#index (for 127.0.0.1 at 2010-06-18 13:34:35) [GET]

ActionController::RoutingError (No route matches "/home/index.html.erb" with {:method=>:get}):
  

Rendering rescues/layout (not_found)


Processing ApplicationController#index (for 127.0.0.1 at 2010-06-18 13:34:58) [GET]

ActionController::RoutingError (No route matches "/sowmini" with {:method=>:get}):
  

Rendering rescues/layout (not_found)


Processing ApplicationController#index (for 127.0.0.1 at 2010-06-18 13:35:28) [GET]

ActionController::RoutingError (No route matches "/home" with {:method=>:get}):
  

Rendering rescues/layout (not_found)


Processing HomeController#index (for 127.0.0.1 at 2010-06-18 13:40:14) [GET]
Rendering home/index
Completed in 83ms (View: 80, DB: 0) | 200 OK [http://localhost/home]


Processing HomeController#index (for 127.0.0.1 at 2010-06-18 14:30:13) [GET]
Rendering home/index
Completed in 16ms (View: 13, DB: 0) | 200 OK [http://localhost/home]


Processing HomeController#index (for 127.0.0.1 at 2010-06-18 14:30:27) [GET]
Rendering home/index
Completed in 18ms (View: 16, DB: 0) | 200 OK [http://localhost/home]


Processing HomeController#index (for 127.0.0.1 at 2010-06-18 14:30:50) [GET]
Rendering home/index
Completed in 77ms (View: 73, DB: 0) | 200 OK [http://localhost/home]


Processing HomeController#index (for 127.0.0.1 at 2010-06-18 14:31:04) [GET]
Rendering home/index
Completed in 13ms (View: 11, DB: 0) | 200 OK [http://localhost/home]


Processing HomeController#index (for 127.0.0.1 at 2010-06-18 14:31:13) [GET]
Rendering home/index
Completed in 13ms (View: 11, DB: 0) | 200 OK [http://localhost/home]


Processing HomeController#index (for 127.0.0.1 at 2010-06-18 14:49:10) [GET]
Rendering home/index
Completed in 15ms (View: 13, DB: 0) | 200 OK [http://localhost/home]


Processing HomeController#index (for 127.0.0.1 at 2010-06-18 15:09:17) [GET]
Rendering home/index
Completed in 15ms (View: 13, DB: 0) | 200 OK [http://localhost/home]


Processing HomeController#index (for 127.0.0.1 at 2010-06-18 15:09:36) [GET]
Rendering home/index
Completed in 14ms (View: 12, DB: 0) | 200 OK [http://localhost/home]


Processing HomeController#index (for 127.0.0.1 at 2010-06-18 15:09:56) [GET]
Rendering home/index
Completed in 4ms (View: 2, DB: 0) | 200 OK [http://localhost/home]


Processing HomeController#index (for 127.0.0.1 at 2010-06-18 15:10:07) [GET]
Rendering home/index
Completed in 4ms (View: 2, DB: 0) | 200 OK [http://localhost/home]


Processing HomeController#index (for 127.0.0.1 at 2010-06-18 15:10:24) [GET]
Rendering home/index
Completed in 5ms (View: 3, DB: 0) | 200 OK [http://localhost/home]


Processing HomeController#index (for 127.0.0.1 at 2010-06-18 15:10:30) [GET]
Rendering home/index
Completed in 4ms (View: 2, DB: 0) | 200 OK [http://localhost/home]


Processing HomeController#index (for 127.0.0.1 at 2010-06-18 15:11:37) [GET]
Rendering home/index
Completed in 5ms (View: 3, DB: 0) | 200 OK [http://localhost/home]


Processing HomeController#index (for 127.0.0.1 at 2010-06-18 15:11:53) [GET]
Rendering home/index
Completed in 5ms (View: 2, DB: 0) | 200 OK [http://localhost/home]


Processing HomeController#index (for 127.0.0.1 at 2010-06-18 15:12:03) [GET]
Rendering home/index
Completed in 4ms (View: 2, DB: 0) | 200 OK [http://localhost/home]


Processing HomeController#index (for 127.0.0.1 at 2010-06-18 15:19:16) [GET]
Rendering home/index
Completed in 4ms (View: 2, DB: 0) | 200 OK [http://localhost/home]


Processing ApplicationController#index (for 127.0.0.1 at 2010-06-18 15:19:17) [GET]

ActionController::RoutingError (No route matches "/stylesheets/1.jpg" with {:method=>:get}):
  

Rendering rescues/layout (not_found)


Processing HomeController#index (for 127.0.0.1 at 2010-06-18 15:19:27) [GET]
Rendering home/index
Completed in 4ms (View: 2, DB: 0) | 200 OK [http://localhost/home]


Processing ApplicationController#index (for 127.0.0.1 at 2010-06-18 15:19:28) [GET]

ActionController::RoutingError (No route matches "/stylesheets/images%01.jpg" with {:method=>:get}):
  

Rendering rescues/layout (not_found)


Processing HomeController#index (for 127.0.0.1 at 2010-06-18 15:19:32) [GET]
Rendering home/index
Completed in 7ms (View: 5, DB: 0) | 200 OK [http://localhost/home]


Processing ApplicationController#index (for 127.0.0.1 at 2010-06-18 15:19:34) [GET]

ActionController::RoutingError (No route matches "/stylesheets/images%01.jpg" with {:method=>:get}):
  

Rendering rescues/layout (not_found)


Processing HomeController#index (for 127.0.0.1 at 2010-06-18 15:20:16) [GET]
Rendering home/index
Completed in 4ms (View: 2, DB: 0) | 200 OK [http://localhost/home]


Processing ApplicationController#index (for 127.0.0.1 at 2010-06-18 15:20:17) [GET]

ActionController::RoutingError (No route matches "/stylesheets/..images%01.jpg" with {:method=>:get}):
  

Rendering rescues/layout (not_found)


Processing HomeController#index (for 127.0.0.1 at 2010-06-18 15:20:52) [GET]
Rendering home/index
Completed in 5ms (View: 2, DB: 0) | 200 OK [http://localhost/home]


Processing HomeController#index (for 127.0.0.1 at 2010-06-18 15:22:18) [GET]
Rendering home/index
Completed in 4ms (View: 2, DB: 0) | 200 OK [http://localhost/home]


Processing HomeController#index (for 127.0.0.1 at 2010-06-18 15:22:25) [GET]
Rendering home/index
Completed in 5ms (View: 2, DB: 0) | 200 OK [http://localhost/home]


Processing HomeController#index (for 127.0.0.1 at 2010-06-18 15:22:54) [GET]
Rendering home/index
Completed in 5ms (View: 3, DB: 0) | 200 OK [http://localhost/home]


Processing HomeController#index (for 127.0.0.1 at 2010-06-18 15:23:01) [GET]
Rendering home/index
Completed in 4ms (View: 3, DB: 0) | 200 OK [http://localhost/home]


Processing ApplicationController#index (for 127.0.0.1 at 2010-06-18 15:23:02) [GET]

ActionController::RoutingError (No route matches "/images/5.jpg" with {:method=>:get}):
  

Rendering rescues/layout (not_found)


Processing HomeController#index (for 127.0.0.1 at 2010-06-18 15:23:11) [GET]
Rendering home/index
Completed in 5ms (View: 3, DB: 0) | 200 OK [http://localhost/home]


Processing ApplicationController#index (for 127.0.0.1 at 2010-06-18 15:23:13) [GET]

ActionController::RoutingError (No route matches "/images/5.jpg" with {:method=>:get}):
  

Rendering rescues/layout (not_found)


Processing HomeController#index (for 127.0.0.1 at 2010-06-18 15:23:34) [GET]
Rendering home/index
Completed in 8ms (View: 5, DB: 0) | 200 OK [http://localhost/home]


Processing HomeController#index (for 127.0.0.1 at 2010-06-18 15:23:59) [GET]
Rendering home/index
Completed in 5ms (View: 3, DB: 0) | 200 OK [http://localhost/home]


Processing HomeController#index (for 127.0.0.1 at 2010-06-18 15:24:05) [GET]
Rendering home/index
Completed in 5ms (View: 2, DB: 0) | 200 OK [http://localhost/home]


Processing HomeController#index (for 127.0.0.1 at 2010-06-18 15:24:40) [GET]
Rendering home/index
Completed in 4ms (View: 2, DB: 0) | 200 OK [http://localhost/home]


Processing HomeController#index (for 127.0.0.1 at 2010-06-18 15:46:32) [GET]
Rendering home/index
Completed in 6ms (View: 4, DB: 0) | 200 OK [http://localhost/home]


Processing HomeController#index (for 127.0.0.1 at 2010-06-18 15:46:58) [GET]
Rendering home/index
Completed in 5ms (View: 3, DB: 0) | 200 OK [http://localhost/home]


Processing HomeController#index (for 127.0.0.1 at 2010-06-18 15:48:14) [GET]
Rendering home/index
Completed in 6ms (View: 3, DB: 0) | 200 OK [http://localhost/home]


Processing ApplicationController#index (for 127.0.0.1 at 2010-06-18 15:48:16) [GET]

ActionController::RoutingError (No route matches "/images/5.jpg" with {:method=>:get}):
  

Rendering rescues/layout (not_found)


Processing HomeController#index (for 127.0.0.1 at 2010-06-18 15:48:37) [GET]
Rendering home/index
Completed in 5ms (View: 3, DB: 0) | 200 OK [http://localhost/home]


Processing HomeController#index (for 127.0.0.1 at 2010-06-18 15:49:22) [GET]
Rendering home/index
Completed in 4ms (View: 2, DB: 0) | 200 OK [http://localhost/home]


Processing HomeController#index (for 127.0.0.1 at 2010-06-18 15:49:39) [GET]
Rendering home/index
Completed in 5ms (View: 3, DB: 0) | 200 OK [http://localhost/home]


Processing HomeController#index (for 127.0.0.1 at 2010-06-18 15:49:51) [GET]
Rendering home/index
Completed in 7ms (View: 3, DB: 0) | 200 OK [http://localhost/home]


Processing HomeController#index (for 127.0.0.1 at 2010-06-18 15:50:11) [GET]
Rendering home/index
Completed in 5ms (View: 3, DB: 0) | 200 OK [http://localhost/home]


Processing HomeController#index (for 127.0.0.1 at 2010-06-18 15:50:33) [GET]
Rendering home/index
Completed in 7ms (View: 3, DB: 0) | 200 OK [http://localhost/home]


Processing HomeController#index (for 127.0.0.1 at 2010-06-18 15:50:41) [GET]
Rendering home/index
Completed in 5ms (View: 3, DB: 0) | 200 OK [http://localhost/home]


Processing ApplicationController#index (for 127.0.0.1 at 2010-06-18 15:50:42) [GET]

ActionController::RoutingError (No route matches "/images/3.jpg" with {:method=>:get}):
  

Rendering rescues/layout (not_found)


Processing HomeController#index (for 127.0.0.1 at 2010-06-18 15:50:50) [GET]
Rendering home/index
Completed in 4ms (View: 2, DB: 0) | 200 OK [http://localhost/home]


Processing HomeController#index (for 127.0.0.1 at 2010-06-18 15:50:58) [GET]
Rendering home/index
Completed in 9ms (View: 6, DB: 0) | 200 OK [http://localhost/home]


Processing ApplicationController#index (for 127.0.0.1 at 2010-06-18 15:50:59) [GET]

ActionController::RoutingError (No route matches "/images/3.jpg" with {:method=>:get}):
  

Rendering rescues/layout (not_found)


Processing HomeController#index (for 127.0.0.1 at 2010-06-18 15:51:55) [GET]
Rendering home/index
Completed in 5ms (View: 3, DB: 0) | 200 OK [http://localhost/home]


Processing HomeController#index (for 127.0.0.1 at 2010-06-18 15:52:07) [GET]
Rendering home/index
Completed in 5ms (View: 3, DB: 0) | 200 OK [http://localhost/home]


Processing HomeController#index (for 127.0.0.1 at 2010-06-18 15:52:36) [GET]
Rendering home/index
Completed in 5ms (View: 3, DB: 0) | 200 OK [http://localhost/home]


Processing HomeController#index (for 127.0.0.1 at 2010-06-18 15:52:47) [GET]
Rendering home/index
Completed in 6ms (View: 3, DB: 0) | 200 OK [http://localhost/home]


Processing HomeController#index (for 127.0.0.1 at 2010-06-18 15:52:53) [GET]
Rendering home/index
Completed in 4ms (View: 2, DB: 0) | 200 OK [http://localhost/home]


Processing HomeController#index (for 127.0.0.1 at 2010-06-18 15:54:57) [GET]
Rendering home/index
Completed in 7ms (View: 3, DB: 0) | 200 OK [http://localhost/home]


Processing HomeController#index (for 127.0.0.1 at 2010-06-18 15:55:31) [GET]
Rendering home/index
Completed in 5ms (View: 3, DB: 0) | 200 OK [http://localhost/home]


Processing ApplicationController#index (for 127.0.0.1 at 2010-06-18 15:55:32) [GET]

ActionController::RoutingError (No route matches "/images/4.gif" with {:method=>:get}):
  

Rendering rescues/layout (not_found)


Processing HomeController#index (for 127.0.0.1 at 2010-06-18 15:55:41) [GET]
Rendering home/index
Completed in 4ms (View: 2, DB: 0) | 200 OK [http://localhost/home]


Processing ApplicationController#index (for 127.0.0.1 at 2010-06-18 15:55:42) [GET]

ActionController::RoutingError (No route matches "/images/4.gif" with {:method=>:get}):
  

Rendering rescues/layout (not_found)


Processing HomeController#index (for 127.0.0.1 at 2010-06-18 15:55:50) [GET]
Rendering home/index
Completed in 5ms (View: 3, DB: 0) | 200 OK [http://localhost/home]


Processing HomeController#index (for 127.0.0.1 at 2010-06-18 16:01:19) [GET]
Rendering home/index
Completed in 5ms (View: 3, DB: 0) | 200 OK [http://localhost/home]


Processing HomeController#index (for 127.0.0.1 at 2010-06-18 16:03:02) [GET]
Rendering home/index
Completed in 4ms (View: 2, DB: 0) | 200 OK [http://localhost/home]


Processing HomeController#index (for 127.0.0.1 at 2010-06-18 16:04:44) [GET]
Rendering home/index
Completed in 16ms (View: 13, DB: 0) | 200 OK [http://localhost/home]


Processing HomeController#index (for 127.0.0.1 at 2010-06-18 16:05:19) [GET]
Rendering home/index
Completed in 5ms (View: 2, DB: 0) | 200 OK [http://localhost/home]


Processing HomeController#index (for 127.0.0.1 at 2010-06-18 16:05:27) [GET]
Rendering home/index
Completed in 4ms (View: 2, DB: 0) | 200 OK [http://localhost/home]


Processing HomeController#index (for 127.0.0.1 at 2010-06-18 16:05:43) [GET]
Rendering home/index
Completed in 4ms (View: 2, DB: 0) | 200 OK [http://localhost/home]


Processing HomeController#index (for 127.0.0.1 at 2010-06-18 16:05:52) [GET]
Rendering home/index
Completed in 6ms (View: 3, DB: 0) | 200 OK [http://localhost/home]


Processing HomeController#index (for 127.0.0.1 at 2010-06-18 16:06:24) [GET]
Rendering home/index
Completed in 4ms (View: 2, DB: 0) | 200 OK [http://localhost/home]


Processing HomeController#index (for 127.0.0.1 at 2010-06-18 16:07:11) [GET]
Rendering home/index
Completed in 16ms (View: 13, DB: 0) | 200 OK [http://localhost/home]


Processing HomeController#index (for 127.0.0.1 at 2010-06-18 16:07:22) [GET]
Rendering home/index
Completed in 15ms (View: 13, DB: 0) | 200 OK [http://localhost/home]


Processing HomeController#index (for 127.0.0.1 at 2010-06-18 16:07:31) [GET]
Rendering home/index
Completed in 14ms (View: 12, DB: 0) | 200 OK [http://localhost/home]


Processing HomeController#index (for 127.0.0.1 at 2010-06-18 16:07:47) [GET]
Rendering home/index
Completed in 15ms (View: 12, DB: 0) | 200 OK [http://localhost/home]


Processing HomeController#index (for 127.0.0.1 at 2010-06-18 16:08:46) [GET]
Rendering home/index
Completed in 4ms (View: 2, DB: 0) | 200 OK [http://localhost/home]


Processing HomeController#index (for 127.0.0.1 at 2010-06-18 16:09:16) [GET]
Rendering home/index
Completed in 5ms (View: 3, DB: 0) | 200 OK [http://localhost/home]


Processing HomeController#index (for 127.0.0.1 at 2010-06-18 16:16:44) [GET]
Rendering home/index
Completed in 14ms (View: 12, DB: 0) | 200 OK [http://localhost/home]


Processing HomeController#index (for 127.0.0.1 at 2010-06-18 16:17:04) [GET]
Rendering home/index
Completed in 5ms (View: 2, DB: 0) | 200 OK [http://localhost/home]


Processing HomeController#index (for 127.0.0.1 at 2010-06-18 16:17:28) [GET]
Rendering home/index
Completed in 83ms (View: 81, DB: 0) | 200 OK [http://localhost/home]


Processing HomeController#index (for 127.0.0.1 at 2010-06-18 16:18:38) [GET]
Rendering home/index
Completed in 16ms (View: 14, DB: 0) | 200 OK [http://localhost/home]


Processing HomeController#index (for 127.0.0.1 at 2010-06-18 16:19:17) [GET]
Rendering home/index
Completed in 5ms (View: 3, DB: 0) | 200 OK [http://localhost/home]


Processing HomeController#index (for 127.0.0.1 at 2010-06-18 16:19:24) [GET]
Rendering home/index
Completed in 8ms (View: 6, DB: 0) | 200 OK [http://localhost/home]


Processing HomeController#index (for 127.0.0.1 at 2010-06-18 16:19:43) [GET]
Rendering home/index
Completed in 7ms (View: 3, DB: 0) | 200 OK [http://localhost/home]


Processing HomeController#index (for 127.0.0.1 at 2010-06-18 16:20:00) [GET]
Rendering home/index
Completed in 19ms (View: 14, DB: 0) | 200 OK [http://localhost/home]


Processing HomeController#index (for 127.0.0.1 at 2010-06-18 16:20:21) [GET]
Rendering home/index
Completed in 5ms (View: 3, DB: 0) | 200 OK [http://localhost/home]


Processing HomeController#index (for 127.0.0.1 at 2010-06-18 16:20:27) [GET]
Rendering home/index
Completed in 4ms (View: 2, DB: 0) | 200 OK [http://localhost/home]


Processing HomeController#index (for 127.0.0.1 at 2010-06-18 16:22:50) [GET]
Rendering home/index
Completed in 5ms (View: 3, DB: 0) | 200 OK [http://localhost/home]


Processing HomeController#index (for 127.0.0.1 at 2010-06-18 16:23:11) [GET]
Rendering home/index
Completed in 14ms (View: 12, DB: 0) | 200 OK [http://localhost/home]


Processing HomeController#index (for 127.0.0.1 at 2010-06-18 16:23:50) [GET]
Rendering home/index
Completed in 5ms (View: 3, DB: 0) | 200 OK [http://localhost/home]


Processing HomeController#index (for 127.0.0.1 at 2010-06-18 16:24:14) [GET]
Rendering home/index
Completed in 15ms (View: 12, DB: 0) | 200 OK [http://localhost/home]


Processing HomeController#index (for 127.0.0.1 at 2010-06-18 16:24:26) [GET]
Rendering home/index
Completed in 5ms (View: 3, DB: 0) | 200 OK [http://localhost/home]


Processing HomeController#index (for 127.0.0.1 at 2010-06-18 16:24:34) [GET]
Rendering home/index
Completed in 4ms (View: 2, DB: 0) | 200 OK [http://localhost/home]


Processing HomeController#index (for 127.0.0.1 at 2010-06-18 16:35:15) [GET]
Rendering home/index
Completed in 15ms (View: 13, DB: 0) | 200 OK [http://localhost/home]


Processing HomeController#index (for 127.0.0.1 at 2010-06-18 16:35:41) [GET]
Rendering home/index
Completed in 20ms (View: 18, DB: 0) | 200 OK [http://localhost/home]


Processing HomeController#index (for 127.0.0.1 at 2010-06-18 16:36:17) [GET]
Rendering home/index
Completed in 25ms (View: 23, DB: 0) | 200 OK [http://localhost/home]


Processing HomeController#index (for 127.0.0.1 at 2010-06-18 16:36:39) [GET]
Rendering home/index
Completed in 5ms (View: 3, DB: 0) | 200 OK [http://localhost/home]


Processing HomeController#index (for 127.0.0.1 at 2010-06-18 16:37:08) [GET]
Rendering home/index
Completed in 16ms (View: 14, DB: 0) | 200 OK [http://localhost/home]


Processing HomeController#index (for 127.0.0.1 at 2010-06-18 16:37:19) [GET]
Rendering home/index
Completed in 79ms (View: 77, DB: 0) | 200 OK [http://localhost/home]


Processing HomeController#index (for 127.0.0.1 at 2010-06-18 16:37:43) [GET]
Rendering home/index
Completed in 4ms (View: 2, DB: 0) | 200 OK [http://localhost/home]


Processing HomeController#index (for 127.0.0.1 at 2010-06-18 16:38:00) [GET]
Rendering home/index
Completed in 4ms (View: 2, DB: 0) | 200 OK [http://localhost/home]


Processing HomeController#index (for 127.0.0.1 at 2010-06-18 16:38:38) [GET]
Rendering home/index
Completed in 4ms (View: 2, DB: 0) | 200 OK [http://localhost/home]


Processing HomeController#index (for 127.0.0.1 at 2010-06-18 16:39:00) [GET]
Rendering home/index
Completed in 4ms (View: 2, DB: 0) | 200 OK [http://localhost/home]


Processing HomeController#index (for 127.0.0.1 at 2010-06-18 16:39:15) [GET]
Rendering home/index
Completed in 5ms (View: 3, DB: 0) | 200 OK [http://localhost/home]


Processing HomeController#index (for 127.0.0.1 at 2010-06-18 16:39:37) [GET]
Rendering home/index
Completed in 4ms (View: 2, DB: 0) | 200 OK [http://localhost/home]


Processing HomeController#index (for 127.0.0.1 at 2010-06-18 16:39:46) [GET]
Rendering home/index
Completed in 4ms (View: 2, DB: 0) | 200 OK [http://localhost/home]


Processing HomeController#index (for 127.0.0.1 at 2010-06-18 16:39:55) [GET]
Rendering home/index
Completed in 5ms (View: 2, DB: 0) | 200 OK [http://localhost/home]


Processing HomeController#index (for 127.0.0.1 at 2010-06-18 16:40:06) [GET]
Rendering home/index
Completed in 5ms (View: 2, DB: 0) | 200 OK [http://localhost/home]


Processing HomeController#index (for 127.0.0.1 at 2010-06-18 16:40:16) [GET]
Rendering home/index
Completed in 5ms (View: 2, DB: 0) | 200 OK [http://localhost/home]


Processing HomeController#index (for 127.0.0.1 at 2010-06-18 16:40:42) [GET]
Rendering home/index
Completed in 5ms (View: 2, DB: 0) | 200 OK [http://localhost/home]


Processing HomeController#index (for 127.0.0.1 at 2010-06-18 16:40:57) [GET]
Rendering home/index
Completed in 4ms (View: 2, DB: 0) | 200 OK [http://localhost/home]


Processing HomeController#index (for 127.0.0.1 at 2010-06-18 16:41:05) [GET]
Rendering home/index
Completed in 5ms (View: 3, DB: 0) | 200 OK [http://localhost/home]


Processing HomeController#index (for 127.0.0.1 at 2010-06-18 16:41:19) [GET]
Rendering home/index
Completed in 6ms (View: 4, DB: 0) | 200 OK [http://localhost/home]


Processing HomeController#index (for 127.0.0.1 at 2010-06-18 16:41:40) [GET]
Rendering home/index
Completed in 5ms (View: 3, DB: 0) | 200 OK [http://localhost/home]


Processing HomeController#index (for 127.0.0.1 at 2010-06-18 16:41:59) [GET]
Rendering home/index
Completed in 15ms (View: 13, DB: 0) | 200 OK [http://localhost/home]


Processing HomeController#index (for 127.0.0.1 at 2010-06-18 16:42:45) [GET]
Rendering home/index
Completed in 4ms (View: 2, DB: 0) | 200 OK [http://localhost/home]


Processing HomeController#index (for 127.0.0.1 at 2010-06-18 16:44:03) [GET]
Rendering home/index
Completed in 5ms (View: 3, DB: 0) | 200 OK [http://localhost/home]


Processing HomeController#index (for 127.0.0.1 at 2010-06-18 16:44:21) [GET]
Rendering home/index
Completed in 5ms (View: 3, DB: 0) | 200 OK [http://localhost/home]


Processing HomeController#index (for 127.0.0.1 at 2010-06-18 16:44:49) [GET]
Rendering home/index
Completed in 5ms (View: 2, DB: 0) | 200 OK [http://localhost/home]


Processing HomeController#index (for 127.0.0.1 at 2010-06-18 16:45:01) [GET]
Rendering home/index
Completed in 10ms (View: 3, DB: 0) | 200 OK [http://localhost/home]


Processing HomeController#index (for 127.0.0.1 at 2010-06-18 16:45:22) [GET]
Rendering home/index
Completed in 5ms (View: 3, DB: 0) | 200 OK [http://localhost/home]


Processing HomeController#index (for 127.0.0.1 at 2010-06-18 16:45:31) [GET]
Rendering home/index
Completed in 4ms (View: 2, DB: 0) | 200 OK [http://localhost/home]


Processing HomeController#index (for 127.0.0.1 at 2010-06-18 16:45:48) [GET]
Rendering home/index
Completed in 4ms (View: 2, DB: 0) | 200 OK [http://localhost/home]


Processing HomeController#index (for 127.0.0.1 at 2010-06-18 16:46:03) [GET]
Rendering home/index
Completed in 13ms (View: 11, DB: 0) | 200 OK [http://localhost/home]


Processing HomeController#index (for 127.0.0.1 at 2010-06-18 16:46:17) [GET]
Rendering home/index
Completed in 5ms (View: 3, DB: 0) | 200 OK [http://localhost/home]


Processing HomeController#index (for 127.0.0.1 at 2010-06-18 16:46:25) [GET]
Rendering home/index
Completed in 4ms (View: 2, DB: 0) | 200 OK [http://localhost/home]


Processing HomeController#index (for 127.0.0.1 at 2010-06-18 16:46:40) [GET]
Rendering home/index
Completed in 7ms (View: 3, DB: 0) | 200 OK [http://localhost/home]


Processing HomeController#index (for 127.0.0.1 at 2010-06-18 16:47:07) [GET]
Rendering home/index
Completed in 16ms (View: 14, DB: 0) | 200 OK [http://localhost/home]


Processing HomeController#index (for 127.0.0.1 at 2010-06-18 16:47:21) [GET]
Rendering home/index
Completed in 4ms (View: 2, DB: 0) | 200 OK [http://localhost/home]


Processing HomeController#index (for 127.0.0.1 at 2010-06-18 16:47:29) [GET]
Rendering home/index
Completed in 5ms (View: 3, DB: 0) | 200 OK [http://localhost/home]


Processing HomeController#index (for 127.0.0.1 at 2010-06-18 16:47:39) [GET]
Rendering home/index
Completed in 5ms (View: 3, DB: 0) | 200 OK [http://localhost/home]


Processing HomeController#index (for 127.0.0.1 at 2010-06-18 16:47:45) [GET]
Rendering home/index
Completed in 4ms (View: 2, DB: 0) | 200 OK [http://localhost/home]


Processing HomeController#index (for 127.0.0.1 at 2010-06-18 16:48:04) [GET]
Rendering home/index
Completed in 4ms (View: 2, DB: 0) | 200 OK [http://localhost/home]


Processing HomeController#index (for 127.0.0.1 at 2010-06-18 16:48:11) [GET]
Rendering home/index
Completed in 5ms (View: 2, DB: 0) | 200 OK [http://localhost/home]


Processing HomeController#index (for 127.0.0.1 at 2010-06-18 16:48:19) [GET]
Rendering home/index
Completed in 8ms (View: 3, DB: 0) | 200 OK [http://localhost/home]


Processing HomeController#index (for 127.0.0.1 at 2010-06-18 16:48:28) [GET]
Rendering home/index
Completed in 5ms (View: 2, DB: 0) | 200 OK [http://localhost/home]


Processing HomeController#index (for 127.0.0.1 at 2010-06-18 16:48:55) [GET]
Rendering home/index
Completed in 4ms (View: 2, DB: 0) | 200 OK [http://localhost/home]


Processing HomeController#index (for 127.0.0.1 at 2010-06-18 16:49:02) [GET]
Rendering home/index
Completed in 4ms (View: 2, DB: 0) | 200 OK [http://localhost/home]


Processing HomeController#index (for 127.0.0.1 at 2010-06-18 16:49:12) [GET]
Rendering home/index
Completed in 5ms (View: 3, DB: 0) | 200 OK [http://localhost/home]


Processing HomeController#index (for 127.0.0.1 at 2010-06-18 16:49:27) [GET]
Rendering home/index
Completed in 5ms (View: 3, DB: 0) | 200 OK [http://localhost/home]


Processing HomeController#index (for 127.0.0.1 at 2010-06-18 16:49:39) [GET]
Rendering home/index
Completed in 13ms (View: 11, DB: 0) | 200 OK [http://localhost/home]


Processing HomeController#index (for 127.0.0.1 at 2010-06-18 16:49:52) [GET]
Rendering home/index
Completed in 5ms (View: 3, DB: 0) | 200 OK [http://localhost/home]


Processing HomeController#index (for 127.0.0.1 at 2010-06-18 16:50:02) [GET]
Rendering home/index
Completed in 5ms (View: 3, DB: 0) | 200 OK [http://localhost/home]


Processing HomeController#index (for 127.0.0.1 at 2010-06-18 16:50:32) [GET]
Rendering home/index
Completed in 5ms (View: 2, DB: 0) | 200 OK [http://localhost/home]


Processing HomeController#index (for 127.0.0.1 at 2010-06-18 16:50:41) [GET]
Rendering home/index
Completed in 4ms (View: 2, DB: 0) | 200 OK [http://localhost/home]


Processing HomeController#index (for 127.0.0.1 at 2010-06-18 16:50:50) [GET]
Rendering home/index
Completed in 5ms (View: 3, DB: 0) | 200 OK [http://localhost/home]


Processing HomeController#index (for 127.0.0.1 at 2010-06-18 16:51:03) [GET]
Rendering home/index
Completed in 4ms (View: 2, DB: 0) | 200 OK [http://localhost/home]


Processing HomeController#index (for 127.0.0.1 at 2010-06-18 16:51:35) [GET]
Rendering home/index
Completed in 4ms (View: 2, DB: 0) | 200 OK [http://localhost/home]


Processing HomeController#index (for 127.0.0.1 at 2010-06-18 16:51:41) [GET]
Rendering home/index
Completed in 4ms (View: 2, DB: 0) | 200 OK [http://localhost/home]


Processing HomeController#index (for 127.0.0.1 at 2010-06-18 16:51:52) [GET]
Rendering home/index
Completed in 4ms (View: 2, DB: 0) | 200 OK [http://localhost/home]


Processing HomeController#index (for 127.0.0.1 at 2010-06-18 16:52:00) [GET]
Rendering home/index
Completed in 5ms (View: 3, DB: 0) | 200 OK [http://localhost/home]


Processing HomeController#index (for 127.0.0.1 at 2010-06-18 16:52:09) [GET]
Rendering home/index
Completed in 5ms (View: 3, DB: 0) | 200 OK [http://localhost/home]


Processing HomeController#index (for 127.0.0.1 at 2010-06-18 16:52:16) [GET]
Rendering home/index
Completed in 4ms (View: 2, DB: 0) | 200 OK [http://localhost/home]


Processing HomeController#index (for 127.0.0.1 at 2010-06-18 16:52:37) [GET]
Rendering home/index
Completed in 4ms (View: 2, DB: 0) | 200 OK [http://localhost/home]


Processing HomeController#index (for 127.0.0.1 at 2010-06-18 17:03:10) [GET]
Rendering home/index
Completed in 16ms (View: 13, DB: 0) | 200 OK [http://localhost/home]


Processing ApplicationController#index (for 127.0.0.1 at 2010-06-18 17:03:11) [GET]

ActionController::RoutingError (No route matches "/stylesheets/lm.png" with {:method=>:get}):
  

Rendering rescues/layout (not_found)


Processing HomeController#index (for 127.0.0.1 at 2010-06-18 17:03:59) [GET]
Rendering home/index
Completed in 15ms (View: 13, DB: 0) | 200 OK [http://localhost/home]


Processing ApplicationController#index (for 127.0.0.1 at 2010-06-18 17:04:00) [GET]

ActionController::RoutingError (No route matches "/stylesheets/lm.png" with {:method=>:get}):
  

Rendering rescues/layout (not_found)


Processing ApplicationController#index (for 127.0.0.1 at 2010-06-18 17:04:00) [GET]

ActionController::RoutingError (No route matches "/stylesheets/rm.png" with {:method=>:get}):
  

Rendering rescues/layout (not_found)


Processing HomeController#index (for 127.0.0.1 at 2010-06-18 17:04:23) [GET]
Rendering home/index
Completed in 16ms (View: 14, DB: 0) | 200 OK [http://localhost/home]


Processing ApplicationController#index (for 127.0.0.1 at 2010-06-18 17:04:24) [GET]

ActionController::RoutingError (No route matches "/stylesheets/lm.png" with {:method=>:get}):
  

Rendering rescues/layout (not_found)


Processing ApplicationController#index (for 127.0.0.1 at 2010-06-18 17:04:24) [GET]

ActionController::RoutingError (No route matches "/stylesheets/rm.png" with {:method=>:get}):
  

Rendering rescues/layout (not_found)


Processing HomeController#index (for 127.0.0.1 at 2010-06-18 17:05:07) [GET]
Rendering home/index
Completed in 16ms (View: 13, DB: 0) | 200 OK [http://localhost/home]


Processing HomeController#index (for 127.0.0.1 at 2010-06-18 17:05:14) [GET]
Rendering home/index
Completed in 5ms (View: 3, DB: 0) | 200 OK [http://localhost/home]


Processing HomeController#index (for 127.0.0.1 at 2010-06-18 17:05:21) [GET]
Rendering home/index
Completed in 5ms (View: 3, DB: 0) | 200 OK [http://localhost/home]


Processing HomeController#index (for 127.0.0.1 at 2010-06-18 17:06:39) [GET]
Rendering home/index
Completed in 5ms (View: 3, DB: 0) | 200 OK [http://localhost/home]


Processing HomeController#index (for 127.0.0.1 at 2010-06-18 17:07:01) [GET]
Rendering home/index
Completed in 5ms (View: 3, DB: 0) | 200 OK [http://localhost/home]


Processing HomeController#index (for 127.0.0.1 at 2010-06-18 17:07:26) [GET]
Rendering home/index
Completed in 5ms (View: 3, DB: 0) | 200 OK [http://localhost/home]


Processing HomeController#index (for 127.0.0.1 at 2010-06-18 17:07:36) [GET]
Rendering home/index
Completed in 6ms (View: 3, DB: 0) | 200 OK [http://localhost/home]


Processing HomeController#index (for 127.0.0.1 at 2010-06-18 17:08:17) [GET]
Rendering home/index
Completed in 5ms (View: 3, DB: 0) | 200 OK [http://localhost/home]


Processing HomeController#index (for 127.0.0.1 at 2010-06-18 17:08:49) [GET]
Rendering home/index
Completed in 4ms (View: 2, DB: 0) | 200 OK [http://localhost/home]


Processing HomeController#index (for 127.0.0.1 at 2010-06-18 17:09:02) [GET]
Rendering home/index
Completed in 6ms (View: 4, DB: 0) | 200 OK [http://localhost/home]


Processing HomeController#index (for 127.0.0.1 at 2010-06-18 17:09:11) [GET]
Rendering home/index
Completed in 7ms (View: 4, DB: 0) | 200 OK [http://localhost/home]


Processing HomeController#index (for 127.0.0.1 at 2010-06-18 17:09:16) [GET]
Rendering home/index
Completed in 5ms (View: 3, DB: 0) | 200 OK [http://localhost/home]


Processing HomeController#index (for 127.0.0.1 at 2010-06-18 17:09:34) [GET]
Rendering home/index
Completed in 5ms (View: 3, DB: 0) | 200 OK [http://localhost/home]


Processing HomeController#index (for 127.0.0.1 at 2010-06-18 17:10:17) [GET]
Rendering home/index
Completed in 5ms (View: 3, DB: 0) | 200 OK [http://localhost/home]


Processing HomeController#index (for 127.0.0.1 at 2010-06-18 17:10:24) [GET]
Rendering home/index
Completed in 4ms (View: 2, DB: 0) | 200 OK [http://localhost/home]


Processing HomeController#index (for 127.0.0.1 at 2010-06-18 17:10:32) [GET]
Rendering home/index
Completed in 5ms (View: 3, DB: 0) | 200 OK [http://localhost/home]


Processing HomeController#index (for 127.0.0.1 at 2010-06-18 17:10:48) [GET]
Rendering home/index
Completed in 4ms (View: 2, DB: 0) | 200 OK [http://localhost/home]


Processing HomeController#index (for 127.0.0.1 at 2010-06-18 17:14:02) [GET]
Rendering home/index
Completed in 4ms (View: 2, DB: 0) | 200 OK [http://localhost/home]


Processing HomeController#index (for 127.0.0.1 at 2010-06-18 17:15:34) [GET]
Rendering home/index
Completed in 5ms (View: 2, DB: 0) | 200 OK [http://localhost/home]


Processing HomeController#index (for 127.0.0.1 at 2010-06-18 17:15:50) [GET]
Rendering home/index
Completed in 5ms (View: 3, DB: 0) | 200 OK [http://localhost/home]


Processing HomeController#index (for 127.0.0.1 at 2010-06-18 17:15:57) [GET]
Rendering home/index
Completed in 4ms (View: 2, DB: 0) | 200 OK [http://localhost/home]


Processing HomeController#index (for 127.0.0.1 at 2010-06-18 17:16:09) [GET]
Rendering home/index
Completed in 6ms (View: 4, DB: 0) | 200 OK [http://localhost/home]


Processing HomeController#index (for 127.0.0.1 at 2010-06-18 17:16:16) [GET]
Rendering home/index
Completed in 4ms (View: 2, DB: 0) | 200 OK [http://localhost/home]


Processing HomeController#index (for 127.0.0.1 at 2010-06-18 17:16:22) [GET]
Rendering home/index
Completed in 5ms (View: 3, DB: 0) | 200 OK [http://localhost/home]


Processing HomeController#index (for 127.0.0.1 at 2010-06-18 17:16:42) [GET]
Rendering home/index
Completed in 5ms (View: 3, DB: 0) | 200 OK [http://localhost/home]


Processing HomeController#index (for 127.0.0.1 at 2010-06-18 17:16:51) [GET]
Rendering home/index
Completed in 5ms (View: 3, DB: 0) | 200 OK [http://localhost/home]


Processing HomeController#index (for 127.0.0.1 at 2010-06-18 17:17:01) [GET]
Rendering home/index
Completed in 5ms (View: 3, DB: 0) | 200 OK [http://localhost/home]


Processing HomeController#index (for 127.0.0.1 at 2010-06-18 17:17:50) [GET]
Rendering home/index
Completed in 4ms (View: 2, DB: 0) | 200 OK [http://localhost/home]


Processing HomeController#index (for 127.0.0.1 at 2010-06-18 17:18:57) [GET]
Rendering home/index
Completed in 8ms (View: 6, DB: 0) | 200 OK [http://localhost/home]


Processing HomeController#index (for 127.0.0.1 at 2010-06-18 17:19:10) [GET]
Rendering home/index
Completed in 5ms (View: 2, DB: 0) | 200 OK [http://localhost/home]


Processing HomeController#index (for 127.0.0.1 at 2010-06-18 17:19:21) [GET]
Rendering home/index
Completed in 7ms (View: 2, DB: 0) | 200 OK [http://localhost/home]


Processing HomeController#index (for 127.0.0.1 at 2010-06-18 17:24:27) [GET]
Rendering home/index
Completed in 17ms (View: 14, DB: 0) | 200 OK [http://localhost/home]


Processing HomeController#index (for 127.0.0.1 at 2010-06-18 18:16:58) [GET]
Rendering home/index
Completed in 30ms (View: 28, DB: 0) | 200 OK [http://localhost/home]


Processing HomeController#index (for 127.0.0.1 at 2010-06-19 00:15:40) [GET]
Rendering home/index
ERROR: compiling _run_erb_app47views47home47index46html46erb RAISED compile error
C:/InstantRails-2.0-win/rails_apps/sowmini/app/views/home/index.html.erb:19: syntax error, unexpected '=', expecting ')'
@output_buffer.concat "\t\t\t\t<li>"; @output_buffer.concat(( link_to "Home", :controller = "home" ).to_s); @output_buffer.concat "</li>\n"
                                                                                           ^
Function body:           def _run_erb_app47views47home47index46html46erb(local_assigns)
            old_output_buffer = output_buffer;;@output_buffer = '';  __in_erb_template=true ; @output_buffer.concat "<!DOCTYPE HTML PUBLIC \"-//W3C//DTD HTML 4.01//EN\" \n"
@output_buffer.concat "\"http://www.w3.org/TR/html4/strict.dtd\">\n"
@output_buffer.concat "\n"
@output_buffer.concat "<html>\n"
@output_buffer.concat "\t<head>\n"
@output_buffer.concat "\t\t<title>Sowmini - Tech enthusiast</title>\n"
@output_buffer.concat "\t</head>\n"
@output_buffer.concat "\t\n"
@output_buffer.concat "\t<body>\n"
@output_buffer.concat "\t\t<!-- Link to Stylesheets -->\n"
@output_buffer.concat "\t\t"; @output_buffer.concat(( stylesheet_link_tag "styles" ).to_s); @output_buffer.concat "\n"
@output_buffer.concat "\t\t<div id=\"header\">\n"
@output_buffer.concat "\t\t\tSowmini Gundamraju\n"
@output_buffer.concat "\t\t\t<h7><i>Web development enthusiast</i></h7>\n"
@output_buffer.concat "\t\t</div>\n"
@output_buffer.concat "\t\t\n"
@output_buffer.concat "\t\t<div id=\"mainmenu\">\n"
@output_buffer.concat "\t\t\t<ul class=\"menu\">\n"
@output_buffer.concat "\t\t\t\t<li>"; @output_buffer.concat(( link_to "Home", :controller = "home" ).to_s); @output_buffer.concat "</li>\n"
@output_buffer.concat "\t\t\t\t\n"
@output_buffer.concat "\t\t\t\t<li><a href=\"#\">Research Assistantship Projects</a></li>\n"
@output_buffer.concat "\t\t\t\t<li><a href=\"#\">Undergraduate Projects</a></li>\n"
@output_buffer.concat "\t\t\t\t<li><a href=\"#\">Graduate Projects</a></li>\n"
@output_buffer.concat "\t\t\t\t<li><a href=\"#\">Blog</a></li>\n"
@output_buffer.concat "\t\t\t</ul>\n"
@output_buffer.concat "\t\t</div>\n"
@output_buffer.concat "\t\t\n"
@output_buffer.concat "\t</body>\n"
@output_buffer.concat "</html>"; @output_buffer
          ensure
            self.output_buffer = old_output_buffer
          end
Backtrace: C:/InstantRails-2.0-win/rails_apps/sowmini/app/views/home/index.html.erb:32:in `compile!'
C:/InstantRails-2.0-win/ruby/lib/ruby/gems/1.8/gems/actionpack-2.3.5/lib/action_view/renderable.rb:61:in `compile'
C:/InstantRails-2.0-win/ruby/lib/ruby/gems/1.8/gems/actionpack-2.3.5/lib/action_view/renderable.rb:28:in `render'
C:/InstantRails-2.0-win/ruby/lib/ruby/gems/1.8/gems/actionpack-2.3.5/lib/action_view/template.rb:205:in `render_template'
C:/InstantRails-2.0-win/ruby/lib/ruby/gems/1.8/gems/actionpack-2.3.5/lib/action_view/base.rb:265:in `render'
C:/InstantRails-2.0-win/ruby/lib/ruby/gems/1.8/gems/actionpack-2.3.5/lib/action_controller/base.rb:1250:in `render_for_file'
C:/InstantRails-2.0-win/ruby/lib/ruby/gems/1.8/gems/actionpack-2.3.5/lib/action_controller/base.rb:945:in `render_without_benchmark'
C:/InstantRails-2.0-win/ruby/lib/ruby/gems/1.8/gems/actionpack-2.3.5/lib/action_controller/benchmarking.rb:51:in `render'
C:/InstantRails-2.0-win/ruby/lib/ruby/gems/1.8/gems/activesupport-2.3.5/lib/active_support/core_ext/benchmark.rb:17:in `ms'
C:/InstantRails-2.0-win/ruby/lib/ruby/gems/1.8/gems/activesupport-2.3.5/lib/active_support/core_ext/benchmark.rb:10:in `realtime'
C:/InstantRails-2.0-win/ruby/lib/ruby/gems/1.8/gems/activesupport-2.3.5/lib/active_support/core_ext/benchmark.rb:17:in `ms'
C:/InstantRails-2.0-win/ruby/lib/ruby/gems/1.8/gems/actionpack-2.3.5/lib/action_controller/benchmarking.rb:51:in `render'
C:/InstantRails-2.0-win/ruby/lib/ruby/gems/1.8/gems/actionpack-2.3.5/lib/action_controller/base.rb:1326:in `default_render'
C:/InstantRails-2.0-win/ruby/lib/ruby/gems/1.8/gems/actionpack-2.3.5/lib/action_controller/base.rb:1332:in `perform_action_without_filters'
C:/InstantRails-2.0-win/ruby/lib/ruby/gems/1.8/gems/actionpack-2.3.5/lib/action_controller/filters.rb:617:in `call_filters'
C:/InstantRails-2.0-win/ruby/lib/ruby/gems/1.8/gems/actionpack-2.3.5/lib/action_controller/filters.rb:610:in `perform_action_without_benchmark'
C:/InstantRails-2.0-win/ruby/lib/ruby/gems/1.8/gems/actionpack-2.3.5/lib/action_controller/benchmarking.rb:68:in `perform_action_without_rescue'
C:/InstantRails-2.0-win/ruby/lib/ruby/gems/1.8/gems/activesupport-2.3.5/lib/active_support/core_ext/benchmark.rb:17:in `ms'
C:/InstantRails-2.0-win/ruby/lib/ruby/gems/1.8/gems/activesupport-2.3.5/lib/active_support/core_ext/benchmark.rb:10:in `realtime'
C:/InstantRails-2.0-win/ruby/lib/ruby/gems/1.8/gems/activesupport-2.3.5/lib/active_support/core_ext/benchmark.rb:17:in `ms'
C:/InstantRails-2.0-win/ruby/lib/ruby/gems/1.8/gems/actionpack-2.3.5/lib/action_controller/benchmarking.rb:68:in `perform_action_without_rescue'
C:/InstantRails-2.0-win/ruby/lib/ruby/gems/1.8/gems/actionpack-2.3.5/lib/action_controller/rescue.rb:160:in `perform_action_without_flash'
C:/InstantRails-2.0-win/ruby/lib/ruby/gems/1.8/gems/actionpack-2.3.5/lib/action_controller/flash.rb:146:in `perform_action'
C:/InstantRails-2.0-win/ruby/lib/ruby/gems/1.8/gems/actionpack-2.3.5/lib/action_controller/base.rb:532:in `send'
C:/InstantRails-2.0-win/ruby/lib/ruby/gems/1.8/gems/actionpack-2.3.5/lib/action_controller/base.rb:532:in `process_without_filters'
C:/InstantRails-2.0-win/ruby/lib/ruby/gems/1.8/gems/actionpack-2.3.5/lib/action_controller/filters.rb:606:in `process'
C:/InstantRails-2.0-win/ruby/lib/ruby/gems/1.8/gems/actionpack-2.3.5/lib/action_controller/base.rb:391:in `process'
C:/InstantRails-2.0-win/ruby/lib/ruby/gems/1.8/gems/actionpack-2.3.5/lib/action_controller/base.rb:386:in `call'
C:/InstantRails-2.0-win/ruby/lib/ruby/gems/1.8/gems/actionpack-2.3.5/lib/action_controller/routing/route_set.rb:437:in `call'
C:/InstantRails-2.0-win/ruby/lib/ruby/gems/1.8/gems/actionpack-2.3.5/lib/action_controller/dispatcher.rb:87:in `dispatch'
C:/InstantRails-2.0-win/ruby/lib/ruby/gems/1.8/gems/actionpack-2.3.5/lib/action_controller/dispatcher.rb:121:in `_call'
C:/InstantRails-2.0-win/ruby/lib/ruby/gems/1.8/gems/actionpack-2.3.5/lib/action_controller/dispatcher.rb:130:in `build_middleware_stack'
C:/InstantRails-2.0-win/ruby/lib/ruby/gems/1.8/gems/activerecord-2.3.5/lib/active_record/query_cache.rb:29:in `call'
C:/InstantRails-2.0-win/ruby/lib/ruby/gems/1.8/gems/activerecord-2.3.5/lib/active_record/query_cache.rb:29:in `call'
C:/InstantRails-2.0-win/ruby/lib/ruby/gems/1.8/gems/activerecord-2.3.5/lib/active_record/connection_adapters/abstract/query_cache.rb:34:in `cache'
C:/InstantRails-2.0-win/ruby/lib/ruby/gems/1.8/gems/activerecord-2.3.5/lib/active_record/query_cache.rb:9:in `cache'
C:/InstantRails-2.0-win/ruby/lib/ruby/gems/1.8/gems/activerecord-2.3.5/lib/active_record/query_cache.rb:28:in `call'
C:/InstantRails-2.0-win/ruby/lib/ruby/gems/1.8/gems/activerecord-2.3.5/lib/active_record/connection_adapters/abstract/connection_pool.rb:361:in `call'
C:/InstantRails-2.0-win/ruby/lib/ruby/gems/1.8/gems/actionpack-2.3.5/lib/action_controller/string_coercion.rb:25:in `call'
C:/InstantRails-2.0-win/ruby/lib/ruby/gems/1.8/gems/rack-1.0.1/lib/rack/head.rb:9:in `call'
C:/InstantRails-2.0-win/ruby/lib/ruby/gems/1.8/gems/rack-1.0.1/lib/rack/methodoverride.rb:24:in `call'
C:/InstantRails-2.0-win/ruby/lib/ruby/gems/1.8/gems/actionpack-2.3.5/lib/action_controller/params_parser.rb:15:in `call'
C:/InstantRails-2.0-win/ruby/lib/ruby/gems/1.8/gems/actionpack-2.3.5/lib/action_controller/session/cookie_store.rb:93:in `call'
C:/InstantRails-2.0-win/ruby/lib/ruby/gems/1.8/gems/actionpack-2.3.5/lib/action_controller/failsafe.rb:26:in `call'
C:/InstantRails-2.0-win/ruby/lib/ruby/gems/1.8/gems/rack-1.0.1/lib/rack/lock.rb:11:in `call'
C:/InstantRails-2.0-win/ruby/lib/ruby/gems/1.8/gems/rack-1.0.1/lib/rack/lock.rb:11:in `synchronize'
C:/InstantRails-2.0-win/ruby/lib/ruby/gems/1.8/gems/rack-1.0.1/lib/rack/lock.rb:11:in `call'
C:/InstantRails-2.0-win/ruby/lib/ruby/gems/1.8/gems/actionpack-2.3.5/lib/action_controller/dispatcher.rb:114:in `call'
C:/InstantRails-2.0-win/ruby/lib/ruby/gems/1.8/gems/actionpack-2.3.5/lib/action_controller/reloader.rb:34:in `run'
C:/InstantRails-2.0-win/ruby/lib/ruby/gems/1.8/gems/actionpack-2.3.5/lib/action_controller/dispatcher.rb:108:in `call'
C:/InstantRails-2.0-win/ruby/lib/ruby/gems/1.8/gems/rails-2.3.5/lib/rails/rack/static.rb:31:in `call'
C:/InstantRails-2.0-win/ruby/lib/ruby/gems/1.8/gems/rack-1.0.1/lib/rack/urlmap.rb:46:in `call'
C:/InstantRails-2.0-win/ruby/lib/ruby/gems/1.8/gems/rack-1.0.1/lib/rack/urlmap.rb:40:in `each'
C:/InstantRails-2.0-win/ruby/lib/ruby/gems/1.8/gems/rack-1.0.1/lib/rack/urlmap.rb:40:in `call'
C:/InstantRails-2.0-win/ruby/lib/ruby/gems/1.8/gems/rails-2.3.5/lib/rails/rack/log_tailer.rb:17:in `call'
C:/InstantRails-2.0-win/ruby/lib/ruby/gems/1.8/gems/rack-1.0.1/lib/rack/content_length.rb:13:in `call'
C:/InstantRails-2.0-win/ruby/lib/ruby/gems/1.8/gems/rack-1.0.1/lib/rack/chunked.rb:15:in `call'
C:/InstantRails-2.0-win/ruby/lib/ruby/gems/1.8/gems/rack-1.0.1/lib/rack/handler/mongrel.rb:64:in `process'
C:/InstantRails-2.0-win/ruby/lib/ruby/gems/1.8/gems/mongrel-1.1.2-x86-mswin32/lib/mongrel.rb:159:in `process_client'
C:/InstantRails-2.0-win/ruby/lib/ruby/gems/1.8/gems/mongrel-1.1.2-x86-mswin32/lib/mongrel.rb:158:in `each'
C:/InstantRails-2.0-win/ruby/lib/ruby/gems/1.8/gems/mongrel-1.1.2-x86-mswin32/lib/mongrel.rb:158:in `process_client'
C:/InstantRails-2.0-win/ruby/lib/ruby/gems/1.8/gems/mongrel-1.1.2-x86-mswin32/lib/mongrel.rb:285:in `run'
C:/InstantRails-2.0-win/ruby/lib/ruby/gems/1.8/gems/mongrel-1.1.2-x86-mswin32/lib/mongrel.rb:285:in `initialize'
C:/InstantRails-2.0-win/ruby/lib/ruby/gems/1.8/gems/mongrel-1.1.2-x86-mswin32/lib/mongrel.rb:285:in `new'
C:/InstantRails-2.0-win/ruby/lib/ruby/gems/1.8/gems/mongrel-1.1.2-x86-mswin32/lib/mongrel.rb:285:in `run'
C:/InstantRails-2.0-win/ruby/lib/ruby/gems/1.8/gems/mongrel-1.1.2-x86-mswin32/lib/mongrel.rb:268:in `initialize'
C:/InstantRails-2.0-win/ruby/lib/ruby/gems/1.8/gems/mongrel-1.1.2-x86-mswin32/lib/mongrel.rb:268:in `new'
C:/InstantRails-2.0-win/ruby/lib/ruby/gems/1.8/gems/mongrel-1.1.2-x86-mswin32/lib/mongrel.rb:268:in `run'
C:/InstantRails-2.0-win/ruby/lib/ruby/gems/1.8/gems/rack-1.0.1/lib/rack/handler/mongrel.rb:34:in `run'
C:/InstantRails-2.0-win/ruby/lib/ruby/gems/1.8/gems/rails-2.3.5/lib/commands/server.rb:111
C:/InstantRails-2.0-win/ruby/lib/ruby/site_ruby/1.8/rubygems/custom_require.rb:31:in `gem_original_require'
C:/InstantRails-2.0-win/ruby/lib/ruby/site_ruby/1.8/rubygems/custom_require.rb:31:in `require'
script/server:3

ActionView::TemplateError (compile error
C:/InstantRails-2.0-win/rails_apps/sowmini/app/views/home/index.html.erb:19: syntax error, unexpected '=', expecting ')'
@output_buffer.concat "\t\t\t\t<li>"; @output_buffer.concat(( link_to "Home", :controller = "home" ).to_s); @output_buffer.concat "</li>\n"
                                                                                           ^) on line #19 of app/views/home/index.html.erb:
16: 		
17: 		<div id="mainmenu">
18: 			<ul class="menu">
19: 				<li><%= link_to "Home", :controller = "home" %></li>
20: 				
21: 				<li><a href="#">Research Assistantship Projects</a></li>
22: 				<li><a href="#">Undergraduate Projects</a></li>

    app/views/home/index.html.erb:32:in `compile!'

Rendered rescues/_trace (230.0ms)
Rendered rescues/_request_and_response (3.0ms)
Rendering rescues/layout (internal_server_error)


Processing HomeController#index (for 127.0.0.1 at 2010-06-19 00:15:55) [GET]
Rendering home/index
Completed in 234ms (View: 231, DB: 0) | 200 OK [http://localhost/home]


Processing HomeController#index (for 127.0.0.1 at 2010-06-19 00:19:21) [GET]
Rendering home/index
Completed in 16ms (View: 14, DB: 0) | 200 OK [http://localhost/home]


Processing HomeController#index (for 127.0.0.1 at 2010-06-19 00:20:05) [GET]
Rendering home/index
Completed in 5ms (View: 3, DB: 0) | 200 OK [http://localhost/home]


Processing HomeController#index (for 127.0.0.1 at 2010-06-19 00:20:32) [GET]
Rendering home/index
Completed in 6ms (View: 4, DB: 0) | 200 OK [http://localhost/home]


Processing HomeController#index (for 127.0.0.1 at 2010-06-19 00:20:46) [GET]
Rendering home/index
Completed in 9ms (View: 3, DB: 0) | 200 OK [http://localhost/home]


Processing HomeController#index (for 127.0.0.1 at 2010-06-19 00:21:36) [GET]
Rendering home/index
Completed in 9ms (View: 4, DB: 0) | 200 OK [http://localhost/home]


Processing HomeController#index (for 127.0.0.1 at 2010-06-19 00:21:50) [GET]
Rendering home/index
Completed in 6ms (View: 3, DB: 0) | 200 OK [http://localhost/home]


Processing HomeController#index (for 127.0.0.1 at 2010-06-19 07:37:45) [GET]
Rendering home/index
Completed in 18ms (View: 15, DB: 0) | 200 OK [http://localhost/home]


Processing HomeController#index (for 127.0.0.1 at 2010-06-19 07:38:11) [GET]
Rendering home/index
Completed in 10ms (View: 4, DB: 0) | 200 OK [http://localhost/home]


Processing HomeController#index (for 127.0.0.1 at 2010-06-19 07:38:17) [GET]
Rendering home/index
Completed in 6ms (View: 4, DB: 0) | 200 OK [http://localhost/home]


Processing HomeController#index (for 127.0.0.1 at 2010-06-19 07:38:29) [GET]
Rendering home/index
Completed in 6ms (View: 3, DB: 0) | 200 OK [http://localhost/home]


Processing HomeController#index (for 127.0.0.1 at 2010-06-19 07:38:39) [GET]
Rendering home/index
Completed in 6ms (View: 4, DB: 0) | 200 OK [http://localhost/home]


Processing HomeController#index (for 127.0.0.1 at 2010-06-19 08:02:30) [GET]
Rendering home/index
Completed in 11ms (View: 9, DB: 0) | 200 OK [http://localhost/home]


Processing HomeController#index (for 127.0.0.1 at 2010-06-19 08:02:45) [GET]
Rendering home/index
Completed in 6ms (View: 3, DB: 0) | 200 OK [http://localhost/home]


Processing HomeController#index (for 127.0.0.1 at 2010-06-19 08:03:02) [GET]
Rendering home/index
Completed in 5ms (View: 3, DB: 0) | 200 OK [http://localhost/home]


Processing HomeController#index (for 127.0.0.1 at 2010-06-19 08:04:19) [GET]
Rendering home/index
Completed in 20ms (View: 16, DB: 0) | 200 OK [http://localhost/home]


Processing HomeController#index (for 127.0.0.1 at 2010-06-19 08:04:47) [GET]
Rendering home/index
Completed in 6ms (View: 4, DB: 0) | 200 OK [http://localhost/home]


Processing HomeController#index (for 127.0.0.1 at 2010-06-19 08:04:53) [GET]
Rendering home/index
Completed in 6ms (View: 4, DB: 0) | 200 OK [http://localhost/home]


Processing HomeController#index (for 127.0.0.1 at 2010-06-19 08:05:01) [GET]
Rendering home/index
Completed in 5ms (View: 3, DB: 0) | 200 OK [http://localhost/home]


Processing HomeController#index (for 127.0.0.1 at 2010-06-19 08:05:11) [GET]
Rendering home/index
Completed in 6ms (View: 4, DB: 0) | 200 OK [http://localhost/home]


Processing HomeController#index (for 127.0.0.1 at 2010-06-19 08:05:30) [GET]
Rendering home/index
Completed in 10ms (View: 7, DB: 0) | 200 OK [http://localhost/home]


Processing HomeController#index (for 127.0.0.1 at 2010-06-19 08:05:46) [GET]
Rendering home/index
Completed in 6ms (View: 4, DB: 0) | 200 OK [http://localhost/home]


Processing HomeController#index (for 127.0.0.1 at 2010-06-19 08:05:52) [GET]
Rendering home/index
Completed in 5ms (View: 3, DB: 0) | 200 OK [http://localhost/home]


Processing HomeController#index (for 127.0.0.1 at 2010-06-19 08:06:52) [GET]
Rendering home/index
Completed in 18ms (View: 16, DB: 0) | 200 OK [http://localhost/home]


Processing HomeController#index (for 127.0.0.1 at 2010-06-19 08:06:59) [GET]
Rendering home/index
Completed in 5ms (View: 3, DB: 0) | 200 OK [http://localhost/home]


Processing HomeController#index (for 127.0.0.1 at 2010-06-19 08:07:31) [GET]
Rendering home/index
Completed in 18ms (View: 16, DB: 0) | 200 OK [http://localhost/home]


Processing HomeController#index (for 127.0.0.1 at 2010-06-19 08:07:53) [GET]
Rendering home/index
Completed in 80ms (View: 78, DB: 0) | 200 OK [http://localhost/home]


Processing HomeController#index (for 127.0.0.1 at 2010-06-19 08:14:37) [GET]
Rendering home/index
Completed in 21ms (View: 19, DB: 0) | 200 OK [http://localhost/home]


Processing HomeController#index (for 127.0.0.1 at 2010-06-19 08:34:45) [GET]
Rendering home/index
Completed in 21ms (View: 19, DB: 0) | 200 OK [http://localhost/home]


Processing HomeController#index (for 127.0.0.1 at 2010-06-19 08:37:32) [GET]
Rendering home/index
Completed in 23ms (View: 21, DB: 0) | 200 OK [http://localhost/home]


Processing HomeController#index (for 127.0.0.1 at 2010-06-19 09:17:37) [GET]
Rendering home/index
Completed in 26ms (View: 22, DB: 0) | 200 OK [http://localhost/home]


Processing HomeController#index (for 127.0.0.1 at 2010-06-19 09:28:33) [GET]
Rendering home/index
Completed in 25ms (View: 23, DB: 0) | 200 OK [http://localhost/home]


Processing HomeController#index (for 127.0.0.1 at 2010-06-19 09:35:25) [GET]
Rendering home/index
Completed in 83ms (View: 81, DB: 0) | 200 OK [http://localhost/home]


Processing HomeController#index (for 127.0.0.1 at 2010-06-19 09:38:07) [GET]
Rendering home/index
Completed in 21ms (View: 19, DB: 0) | 200 OK [http://localhost/home]


Processing HomeController#index (for 127.0.0.1 at 2010-06-19 09:38:51) [GET]
Rendering home/index
Completed in 25ms (View: 22, DB: 0) | 200 OK [http://localhost/home]


Processing HomeController#index (for 127.0.0.1 at 2010-06-19 09:39:32) [GET]
Rendering home/index
Completed in 13ms (View: 4, DB: 0) | 200 OK [http://localhost/home]


Processing HomeController#index (for 127.0.0.1 at 2010-06-19 09:39:48) [GET]
Rendering home/index
Completed in 22ms (View: 20, DB: 0) | 200 OK [http://localhost/home]


Processing HomeController#index (for 127.0.0.1 at 2010-06-19 09:40:29) [GET]
Rendering home/index
Completed in 21ms (View: 19, DB: 0) | 200 OK [http://localhost/home]


Processing HomeController#index (for 127.0.0.1 at 2010-06-19 09:40:51) [GET]
Rendering home/index
Completed in 6ms (View: 4, DB: 0) | 200 OK [http://localhost/home]


Processing HomeController#index (for 127.0.0.1 at 2010-06-19 09:43:34) [GET]
Rendering home/index
Completed in 5ms (View: 3, DB: 0) | 200 OK [http://localhost/home]


Processing HomeController#index (for 127.0.0.1 at 2010-06-19 09:43:59) [GET]
Rendering home/index
Completed in 22ms (View: 20, DB: 0) | 200 OK [http://localhost/home]


Processing HomeController#index (for 127.0.0.1 at 2010-06-19 09:44:06) [GET]
Rendering home/index
Completed in 5ms (View: 3, DB: 0) | 200 OK [http://localhost/home]


Processing ApplicationController#index (for 127.0.0.1 at 2010-06-19 09:44:16) [GET]

ActionController::RoutingError (No route matches "/homehttp://localhost:3000/home" with {:method=>:get}):
  

Rendering rescues/layout (not_found)


Processing HomeController#index (for 127.0.0.1 at 2010-06-19 09:44:21) [GET]
Rendering home/index
Completed in 7ms (View: 4, DB: 0) | 200 OK [http://localhost/home]


Processing HomeController#index (for 127.0.0.1 at 2010-06-19 09:50:58) [GET]
Rendering home/index
Completed in 27ms (View: 21, DB: 0) | 200 OK [http://localhost/home]


Processing HomeController#index (for 127.0.0.1 at 2010-06-19 10:27:25) [GET]
Rendering home/index
Completed in 5ms (View: 4, DB: 0) | 200 OK [http://localhost/home]


Processing HomeController#index (for 127.0.0.1 at 2010-06-19 10:27:30) [GET]
Rendering home/index
Completed in 5ms (View: 3, DB: 0) | 200 OK [http://localhost/home]


Processing HomeController#index (for 127.0.0.1 at 2010-06-19 10:32:42) [GET]
Rendering home/index
Completed in 28ms (View: 27, DB: 0) | 200 OK [http://localhost/home]


Processing HomeController#RAProjects (for 127.0.0.1 at 2010-06-19 10:32:45) [GET]

ActionController::UnknownAction (No action responded to RAProjects. Actions: index):
  

Rendering rescues/layout (not_found)


Processing HomeController#RAProjects (for 127.0.0.1 at 2010-06-20 08:17:19) [GET]
Redirected to http://localhost:3000/home/RAProjects
Completed in 71ms (DB: 0) | 302 Found [http://localhost/home/RAProjects]


Processing HomeController#RAProjects (for 127.0.0.1 at 2010-06-20 08:17:19) [GET]
Redirected to http://localhost:3000/home/RAProjects
Completed in 17ms (DB: 0) | 302 Found [http://localhost/home/RAProjects]


Processing HomeController#RAProjects (for 127.0.0.1 at 2010-06-20 08:17:20) [GET]
Redirected to http://localhost:3000/home/RAProjects
Completed in 3ms (DB: 0) | 302 Found [http://localhost/home/RAProjects]


Processing HomeController#RAProjects (for 127.0.0.1 at 2010-06-20 08:17:20) [GET]
Redirected to http://localhost:3000/home/RAProjects
Completed in 4ms (DB: 0) | 302 Found [http://localhost/home/RAProjects]


Processing HomeController#RAProjects (for 127.0.0.1 at 2010-06-20 08:17:21) [GET]
Redirected to http://localhost:3000/home/RAProjects
Completed in 3ms (DB: 0) | 302 Found [http://localhost/home/RAProjects]


Processing HomeController#RAProjects (for 127.0.0.1 at 2010-06-20 08:17:21) [GET]
Redirected to http://localhost:3000/home/RAProjects
Completed in 4ms (DB: 0) | 302 Found [http://localhost/home/RAProjects]


Processing HomeController#RAProjects (for 127.0.0.1 at 2010-06-20 08:17:22) [GET]
Redirected to http://localhost:3000/home/RAProjects
Completed in 5ms (DB: 0) | 302 Found [http://localhost/home/RAProjects]


Processing HomeController#RAProjects (for 127.0.0.1 at 2010-06-20 08:17:23) [GET]
Redirected to http://localhost:3000/home/RAProjects
Completed in 3ms (DB: 0) | 302 Found [http://localhost/home/RAProjects]


Processing HomeController#RAProjects (for 127.0.0.1 at 2010-06-20 08:17:24) [GET]
Redirected to http://localhost:3000/home/RAProjects
Completed in 5ms (DB: 0) | 302 Found [http://localhost/home/RAProjects]


Processing HomeController#RAProjects (for 127.0.0.1 at 2010-06-20 08:17:24) [GET]
Redirected to http://localhost:3000/home/RAProjects
Completed in 4ms (DB: 0) | 302 Found [http://localhost/home/RAProjects]


Processing HomeController#RAProjects (for 127.0.0.1 at 2010-06-20 08:17:25) [GET]
Redirected to http://localhost:3000/home/RAProjects
Completed in 3ms (DB: 0) | 302 Found [http://localhost/home/RAProjects]


Processing HomeController#RAProjects (for 127.0.0.1 at 2010-06-20 08:17:25) [GET]
Redirected to http://localhost:3000/home/RAProjects
Completed in 3ms (DB: 0) | 302 Found [http://localhost/home/RAProjects]


Processing HomeController#RAProjects (for 127.0.0.1 at 2010-06-20 08:17:26) [GET]
Redirected to http://localhost:3000/home/RAProjects
Completed in 3ms (DB: 0) | 302 Found [http://localhost/home/RAProjects]


Processing HomeController#RAProjects (for 127.0.0.1 at 2010-06-20 08:17:26) [GET]
Redirected to http://localhost:3000/home/RAProjects
Completed in 3ms (DB: 0) | 302 Found [http://localhost/home/RAProjects]


Processing HomeController#RAProjects (for 127.0.0.1 at 2010-06-20 08:17:27) [GET]
Redirected to http://localhost:3000/home/RAProjects
Completed in 4ms (DB: 0) | 302 Found [http://localhost/home/RAProjects]


Processing HomeController#RAProjects (for 127.0.0.1 at 2010-06-20 08:17:27) [GET]
Redirected to http://localhost:3000/home/RAProjects
Completed in 3ms (DB: 0) | 302 Found [http://localhost/home/RAProjects]


Processing HomeController#RAProjects (for 127.0.0.1 at 2010-06-20 08:17:28) [GET]
Redirected to http://localhost:3000/home/RAProjects
Completed in 3ms (DB: 0) | 302 Found [http://localhost/home/RAProjects]


Processing HomeController#RAProjects (for 127.0.0.1 at 2010-06-20 08:17:29) [GET]
Redirected to http://localhost:3000/home/RAProjects
Completed in 4ms (DB: 0) | 302 Found [http://localhost/home/RAProjects]


Processing HomeController#RAProjects (for 127.0.0.1 at 2010-06-20 08:17:29) [GET]
Redirected to http://localhost:3000/home/RAProjects
Completed in 26ms (DB: 0) | 302 Found [http://localhost/home/RAProjects]


Processing HomeController#RAProjects (for 127.0.0.1 at 2010-06-20 08:17:30) [GET]
Redirected to http://localhost:3000/home/RAProjects
Completed in 3ms (DB: 0) | 302 Found [http://localhost/home/RAProjects]


Processing HomeController#RAProjects (for 127.0.0.1 at 2010-06-20 08:17:30) [GET]
Redirected to http://localhost:3000/home/RAProjects
Completed in 3ms (DB: 0) | 302 Found [http://localhost/home/RAProjects]


Processing ApplicationController#index (for 127.0.0.1 at 2010-07-29 14:41:34) [GET]

ActionController::RoutingError (No route matches "/sowmini" with {:method=>:get}):
  

Rendering rescues/layout (not_found)


Processing HomeController#index (for 127.0.0.1 at 2010-07-29 14:42:01) [GET]
Rendering home/index
Completed in 242ms (View: 240, DB: 0) | 200 OK [http://localhost/home]
